# 
# Steps log generated by v++
# This log file contains a collection of steps that describe the kernel compilation flow
# Note: Some steps are tagged as internal, these steps are for debugging purposes and 
#       are not expected to be able to run independently.
# 

# The following environment variables are set when running vitis-run
Environment variables :
------------------------------------------
ALLUSERSPROFILE=C:\ProgramData
APPDATA=C:\Users\Dylan\AppData\Roaming
arr.length=0
arr.Ubound=-1
AUTOESL_JAVA=C:/Xilinx/Vitis_HLS/2024.1/tps/win64/jre11.0.16_1/bin/java
AUTOESL_OS=Windows NT
AUTOESL_ROOT=C:/Xilinx/Vitis_HLS/2024.1
AUTOESL_VIVADO_HLS_VERSION=true
AUTOPILOT_CONFIG=C:/Xilinx/Vitis_HLS/2024.1/common/config
AUTOPILOT_MACH=C:/Xilinx/Vitis_HLS/2024.1/win64
AUTOPILOT_ROOT=C:/Xilinx/Vitis_HLS/2024.1
AUTOPILOT_TECH=C:/Xilinx/Vitis_HLS/2024.1/common/technology
AUTOPILOT_TOOL=C:/Xilinx/Vitis_HLS/2024.1/win64/tools
CHARPOP=1
CMAKE_OBJECT_PATH_MAX=4096
CommonProgramFiles=C:\Program Files\Common Files
CommonProgramFiles(x86)=C:\Program Files (x86)\Common Files
CommonProgramW6432=C:\Program Files\Common Files
COMPUTERNAME=X02
ComSpec=C:\WINDOWS\system32\cmd.exe
DriverData=C:\Windows\System32\Drivers\DriverData
EFC_6228=1
GDL_HOME=C:\Program Files\gnudatalanguage\bin
GNUPLOT_LIB=C:\Program Files\gnuplot\demo;C:\Program Files\gnuplot\demo\games;C:\Program Files\gnuplot\share
GRAPHVIZ_DOT=C:/Xilinx/Vitis_HLS/2024.1/tps/win64/dot-2.28
HDI_APPROOT=C:/Xilinx/Vitis/2024.1
HDI_PROCESSOR=i686
HLS_INTERPRETER=C:\WINDOWS\SysWOW64\cmd.exe
HLS_LOG=vitis_hls.log
HLS_MODE=ide
HLS_NEEDLOG=0
HLS_OTHER_ARG=0
hls_root=C:/Xilinx/Vitis_HLS/2024.1
HLS_TERSE_OUTPUT=0
HLS_TMP_CMD=call "C:/Xilinx/Vitis_HLS/2024.1/bin/loader.bat" -exec vitis_hls 
HLS_VERSION=2024.1
HOME=C:\Users\Dylan
HOMEDRIVE=C:
HOMEPATH=\Users\Dylan
HW_SERVER_DJTG_DISABLE=1
HW_SERVER_FTDIMGR_DISABLE=1
IDE_SKIP_SERVER_LICENSE=1
IGCCSVC_DB=AQAAANCMnd8BFdERjHoAwE/Cl+sBAAAAilnot1eo/EifRljJjyWU5QQAAAACAAAAAAAQZgAAAAEAACAAAADwLPoBYc8TFSAbpT6B2zpfDyeFtoVhIV6a5T/hc3okkwAAAAAOgAAAAAIAACAAAAD0r/CrSFKA2LLhGEvUVfT+CWl0bWXaM+6sYDkfjAC7cGAAAADOapLPsUeeEA+jofnhpuqBuIpDDC1DLnJCOemfvNt3YUVLbUvoqrcn2u7QbQra1ZlO7EHKBzwQjabiNNNdTBmyHbe0rm9r9gWE89ysFme/flYYuuEmRFlWtDxEfU+zMVJAAAAAivR63FbShCm1YvIMmzg6wC+4R+WfIzm3caAJpft0n83/oQJpV7R+3v1elMNIXUu3kb+2yxKuXXjXHWlXgnzIeg==
INT_VARIABLE_NAME=XILINX_PATH
ISL_IOSTREAMS_RSA=C:/Xilinx/Vitis/2024.1/tps/isl
JAVA_EXE=C:/Xilinx\Vitis\2024.1\tps\win64\jre11.0.16_1\bin\java.exe
JAVA_HOME=C:/Xilinx\Vitis\2024.1\tps\win64\jre11.0.16_1
LC_NUMERIC=C
LD_LIBRARY_PATH=C:/Xilinx/Vitis_HLS/2024.1/tps/win64/dot-2.28/lib;C:/Xilinx/Vitis_HLS/2024.1/win64/bin;C:/Xilinx/Vitis_HLS/2024.1/win64/tools/fpo_v7_0;C:/Xilinx/Vitis_HLS/2024.1/win64/tools/fft_v9_1;C:/Xilinx/Vitis_HLS/2024.1/win64/tools/fir_v7_0;C:/Xilinx/Vitis_HLS/2024.1/win64/tools/dds_v6_0;C:/Xilinx/Vitis_HLS/2024.1/win64/lib/csim
LOCALAPPDATA=C:\Users\Dylan\AppData\Local
LOGONSERVER=\\X02
LOPPER_DTC_FLAGS=-b 0 -@
MY_ROOT_DIR=C:\Xilinx\Vitis_HLS\2024.1\bin\
NOSPLASH=false
NUMBER_OF_PROCESSORS=8
OneDrive=C:\Users\Dylan\OneDrive
ORIGINALHOMEDRIVE=C:
ORIGINAL_XDG_CURRENT_DESKTOP=undefined
OS=Windows_NT
PATH=C:/Xilinx/Vivado/2024.1/tps/win64/binutils-2.26/bin;C:/Xilinx/Vitis/2024.1/bin/../gnu/aarch64/nt/aarch64-linux/bin;C:/Xilinx/Vitis/2024.1/bin/../gnu/ppc64le/4.9.3/win64/bin;C:/Xilinx/Vitis/2024.1/bin/../gnu/aarch32/nt/gcc-arm-linux-gnueabi/bin;C:/Xilinx\Vitis_HLS\2024.1/tps/mingw/6.2.0/win64.o/nt/bin;C:/Xilinx/Vivado/2024.1\gnuwin\bin;C:/Xilinx/Vivado/2024.1\gnu\microblaze\nt\bin;C:/Xilinx/Vitis/2024.1/bin;C:/Xilinx/Vitis/2024.1/tps/win64/java-cef-95.0.4638.69/bin/lib/win64;C:/Xilinx/Vitis/2024.1/tps/win64/javafx-sdk-11.0.2/lib;C:/Xilinx/Vitis/2024.1/tps/win64/javafx-sdk-11.0.2/bin;C:/Xilinx/Vitis/2024.1/lib/win64.o;C:/Xilinx/Vitis/2024.1/tps/win64/jre11.0.16_1/bin/server;C:/Xilinx/Vitis/2024.1/tps/win64/jre11.0.16_1/bin;C:\Xilinx\Vitis\2024.1\tps\win64\LOPPER~1.0-P\min_sdk\\usr\bin;C:/Xilinx\Vitis\2024.1\tps\win64\cmake-3.24.2\bin;C:/Xilinx\Vitis\2024.1\gnu\microblaze\nt\bin;C:/Xilinx\Vitis\2024.1\gnu\microblaze\linux_toolchain\nt64_le\bin;C:/Xilinx\Vitis\2024.1\gnu\aarch32\nt\gcc-arm-linux-gnueabi\bin;C:/Xilinx\Vitis\2024.1\gnu\aarch32\nt\gcc-arm-none-eabi\bin;C:/Xilinx\Vitis\2024.1\gnu\aarch64\nt\aarch64-linux\bin;C:/Xilinx\Vitis\2024.1\gnu\aarch64\nt\aarch64-none\bin;C:/Xilinx\Vitis\2024.1\gnu\armr5\nt\gcc-arm-none-eabi\bin;C:/Xilinx\Vitis\2024.1\gnuwin\bin;C:/Xilinx\Vitis\2024.1\tps\win64\python-3.8.3;C:/Xilinx\Vitis\2024.1\tps\win64\libxslt\bin;C:/Xilinx/Vivado/2024.1\bin;C:/Xilinx/Vitis/2024.1\gnu\arm\nt\bin;C:/Xilinx/Vitis/2024.1\gnu\microblaze\linux_toolchain\nt64_be\bin;C:/Xilinx/Vitis/2024.1\gnu\riscv\nt\riscv64-unknown-elf\bin;C:/Xilinx/Vitis/2024.1\tps\win64\git-2.16.2\bin;C:/Xilinx/Vitis/2024.1\win64\tools\clang\bin;C:/Xilinx\Vitis_HLS\2024.1\lib\win64.o;C:/Xilinx\Vitis_HLS\2024.1\bin;C:/Xilinx/Vivado/2024.1  /bin;/bin;C:\Xilinx\Model_Composer\2024.1\bin;C:\Xilinx\Vivado\2024.1\lib\win64.o;C:\Xilinx\DocNav;;C:/Xilinx/Vitis/2024.1\tps\mingw\6.2.0\win64.o\nt\bin;C:/Xilinx/Vitis/2024.1\tps\mingw\6.2.0\win64.o\nt\libexec\gcc\x86_64-w64-mingw32\6.2.0
PATHEXT=.COM;.EXE;.BAT;.CMD;.VBS;.VBE;.JS;.JSE;.WSF;.WSH;.MSC
PLPLOT_DRV_DIR=C:\Program Files\gnudatalanguage\share\gnudatalanguage\drivers
PROCESSOR_ARCHITECTURE=AMD64
PROCESSOR_IDENTIFIER=Intel64 Family 6 Model 140 Stepping 1, GenuineIntel
PROCESSOR_LEVEL=6
PROCESSOR_REVISION=8c01
PRODVERSION_EXE=C:/Xilinx/Vitis/2024.1/bin/unwrapped/win64.o/prodversion.exe
ProgramData=C:\ProgramData
ProgramFiles=C:\Program Files
ProgramFiles(x86)=C:\Program Files (x86)
ProgramW6432=C:\Program Files
PROMPT=$P$G
PSModulePath=C:\Program Files\WindowsPowerShell\Modules;C:\WINDOWS\system32\WindowsPowerShell\v1.0\Modules
PUBLIC=C:\Users\Public
PYTHONPATH=;C:/Xilinx/Vitis/2024.1\cli;C:/Xilinx/Vitis/2024.1\cli\python-packages\win64;C:/Xilinx/Vitis/2024.1\cli\python-packages\site-packages;C:/Xilinx/Vitis/2024.1\cli\proto;C:/Xilinx/Vitis/2024.1\scripts\python_pkg;
python_path=;C:/Xilinx/Vitis/2024.1\cli;C:/Xilinx/Vitis/2024.1\cli\python-packages\win64;C:/Xilinx/Vitis/2024.1\cli\python-packages\site-packages;C:/Xilinx/Vitis/2024.1\cli\proto;C:/Xilinx/Vitis/2024.1\scripts\python_pkg;
RDI_APPROOT=C:/Xilinx/Vitis/2024.1
RDI_ARGS= --mode hls --csim --config C:\test\ecdsa\vadd_kernel\hls_config.cfg --work_dir krnl_vadd
RDI_ARGS_FUNCTION=RDI_EXEC_DEFAULT
RDI_BASEROOT=C:/Xilinx/Vitis
RDI_BINDIR=C:/Xilinx/Vitis/2024.1/bin
RDI_BINROOT=C:/Xilinx/Vitis/2024.1/bin
RDI_BUILD=yes
RDI_CHECK_PROG=True
RDI_DATADIR=C:/Xilinx/SharedData/2024.1/data;C:/Xilinx/Vitis/2024.1/data
RDI_INSTALLROOT=C:/Xilinx
RDI_INSTALLVER=2024.1
RDI_INSTALLVERSION=2024.1
RDI_JAVACEFROOT=C:/Xilinx/Vitis/2024.1/tps/win64/java-cef-95.0.4638.69
RDI_JAVAFXROOT=C:/Xilinx/Vitis/2024.1/tps/win64/javafx-sdk-11.0.2
RDI_JAVAROOT=C:/Xilinx/Vitis/2024.1/tps/win64/jre11.0.16_1
RDI_JAVA_VERSION=11.0.16_1
RDI_LIBDIR=C:/Xilinx/Vitis/2024.1/lib/win64.o
RDI_MINGW_LIB=C:/Xilinx/Vitis/2024.1\tps\mingw\6.2.0\win64.o\nt\bin;C:/Xilinx/Vitis/2024.1\tps\mingw\6.2.0\win64.o\nt\libexec\gcc\x86_64-w64-mingw32\6.2.0
RDI_OPT_EXT=.o
RDI_OS_ARCH=64
RDI_PLATFORM=win64
RDI_PREPEND_PATH=C:/Xilinx/Vitis/2024.1/bin;C:/Xilinx/Vitis/2024.1/bin
RDI_PROG=C:/Xilinx/Vitis/2024.1/bin/unwrapped/win64.o/vitis-run.exe
RDI_PROGNAME=vitis-run.exe
RDI_SESSION_INFO=C:\Users\Dylan\AppData\Roaming\Xilinx\Vitis:X02-2024-11-20_15-06-09.93
RDI_SHARED_DATA=C:/Xilinx/SharedData/2024.1/data
RDI_TPS_ROOT=C:/Xilinx/Vivado/2024.1/tps/win64
RDI_USE_JDK11=1
RDI_VERBOSE=0
ROOT_SWTICH_INGUI=1
RT_LIBPATH=C:/Xilinx/Vitis/2024.1/scripts/rt/data
RT_TCL_PATH=C:/Xilinx/Vitis/2024.1/scripts/rt/base_tcl/tcl
SDKROOT=C:\Xilinx\Vitis\2024.1\tps\win64\LOPPER~1.0-P\min_sdk\
SESSIONNAME=Console
session_string=C:\test\ecdsa\vadd_kernel:X02-2024-11-22_16-12-48.51
SHARED_DATA_HOME="C:/Xilinx/SharedData/2024.1"
SWIG_LIB=C:\Xilinx\Vitis\2024.1\tps\win64\LOPPER~1.0-P\min_sdk\\usr\lib\swig\4.0.2
SWT_GTK3=1
SYNTH_COMMON=C:/Xilinx/Vitis/2024.1/scripts/rt/data
SystemDrive=C:
SystemRoot=C:\WINDOWS
TCL_LIBRARY=C:/Xilinx/Vitis/2024.1/tps/tcl/tcl8.6
TCMALLOC_LARGE_ALLOC_REPORT_THRESHOLD=4294967296
TEMP=C:\Users\Dylan\AppData\Local\Temp
THEIA_APP_PROJECT_PATH=C:\Xilinx\Vitis\2024.1\ide\electron-app\win64\resources\app
THEIA_DEFAULT_PLUGINS=local-dir:C:\Xilinx\Vitis\2024.1\ide\electron-app\win64\resources\app\plugins
THEIA_ELECTRON_TOKEN={"value":"c9757071-03bb-4447-baf2-bd8f83f637a1"}
THEIA_ELECTRON_VERSION=15.5.7
THEIA_PLUGINS=local-dir:C:\Users\Dylan\.theia\plugins
TMP=C:\Users\Dylan\AppData\Local\Temp
USERDOMAIN=X02
USERDOMAIN_ROAMINGPROFILE=X02
USERNAME=Dylan
USERPROFILE=C:\Users\Dylan
VITISNEW=true
VIVADO_HLS_ARG_DBG=0
VK_SDK_PATH=C:\VulkanSDK\1.3.290.0
VSCODE_API_VERSION=1.53.2
VULKAN_SDK=C:\VulkanSDK\1.3.290.0
windir=C:\WINDOWS
XILINX_HLS=C:/Xilinx\Vitis_HLS\2024.1
XILINX_HLS_TPS_PATH=C:/Xilinx/Vitis_HLS/2024.1/tps;C:/Xilinx/Vitis/2024.1/tps
XILINX_OPENCL=C:/Xilinx/Vitis_HLS/2024.1
XILINX_OPENCL_CLANG=C:/Xilinx/Vitis_HLS/2024.1/win64/tools/clang
XILINX_PLANAHEAD=C:/Xilinx/Vitis/2024.1
XILINX_SDK=C:/Xilinx/Vitis/2024.1
XILINX_VCXX=C:/Xilinx/Vitis_HLS/2024.1/vcxx
XILINX_VERSION_DEFAULT=2024.1
XILINX_VERSION_VITIS=2024.1
XILINX_VITIS=C:/Xilinx\Vitis\2024.1
XILINX_VITIS_VERSION=Vitis v2024.1 (64-bit)
XILINX_VIVADO=C:/Xilinx/Vivado/2024.1
XILINX_VIVADO_HLS=C:/Xilinx/Vivado/2024.1
XIL_CHECK_TCL_DEBUG=False
XIL_NO_OVERRIDE=0
XIL_PA_NO_DEFAULT_OVERRIDE=1
XIL_SUPPRESS_OVERRIDE_WARNINGS=1
XVREDIST=C:/Xilinx/Vitis/2024.1\tps\win64\xvcredist.exe
ZES_ENABLE_SYSMAN=1
_RDI_BINROOT=C:\Xilinx\Vitis\2024.1\bin
_RDI_CWD=C:\test\ecdsa\vadd_kernel
_RDI_DONT_SET_XILINX_AS_PATH=True
_RDI_VERSION_PROG=vitis-run
_valid=False
_XILINX_HLS_HIDE_BANNER_SUBPROC=1
XILINX_CD_CONNECT_ID=52520
XILINX_CD_SESSION=ab98fa07-be79-4d7f-a46f-d00dd9736d8c


VITIS-RUN command line:
------------------------------------------
C:/Xilinx/Vitis/2024.1/bin/unwrapped/win64.o/vitis-run.exe --mode hls --csim --config C:\test\ecdsa\vadd_kernel\hls_config.cfg --work_dir krnl_vadd 

FINAL PROGRAM OPTIONS
--config C:\test\ecdsa\vadd_kernel\hls_config.cfg
--csim
--hls.clock 25
--hls.flow_target vivado
--hls.package.output.format ip_catalog
--hls.package.output.syn false
--hls.syn.file krnl_vadd.cpp
--hls.syn.file C:\test\ecdsa\vadd_kernel\krnl_vadd.hpp
--hls.syn.top krnl_vadd
--hls.tb.file krnl_vadd_test.cpp
--mode hls
--part xcu250-figd2104-2L-e
--work_dir krnl_vadd

PARSED COMMAND LINE OPTIONS
--mode hls 
--csim 
--config C:\test\ecdsa\vadd_kernel\hls_config.cfg 
--work_dir krnl_vadd 

PARSED CONFIG FILE (1) OPTIONS
file: C:\test\ecdsa\vadd_kernel\hls_config.cfg
part xcu250-figd2104-2L-e 
hls.clock 25 
hls.flow_target vivado 
hls.syn.top krnl_vadd 
hls.tb.file krnl_vadd_test.cpp 
hls.package.output.format ip_catalog 
hls.package.output.syn false 
hls.syn.file krnl_vadd.cpp 
hls.syn.file C:\test\ecdsa\vadd_kernel\krnl_vadd.hpp 


==========================================
new:  steps log generated by v++ for new launch 
timestamp: 22 Nov 2024 16:12:54
------------------------------------------
VITIS-RUN internal step: writing a config file for vitis_hls: C:/test/ecdsa/vadd_kernel/krnl_vadd/hls/config.cmdline
timestamp: 22 Nov 2024 16:12:54
VITIS-RUN internal step status: success
------------------------------------------
VITIS-RUN internal step: running vitis_hls
timestamp: 22 Nov 2024 16:12:54
working dir: C:/test/ecdsa/vadd_kernel
cmd: vitis_hls -nolog -run csim -work_dir C:/test/ecdsa/vadd_kernel/krnl_vadd -config C:/test/ecdsa/vadd_kernel/hls_config.cfg -cmdlineconfig C:/test/ecdsa/vadd_kernel/krnl_vadd/hls/config.cmdline
VITIS-RUN internal step status: success
